<?xml version="1.0" encoding="UTF-8"?>
<!-- Generated by org.testng.reporters.JUnitReportReporter -->
<testsuite skipped="0" hostname="Lenovo-PC" name="Cowin" tests="1" failures="0" timestamp="08 May 2021 12:38:15 GMT" time="8.605" errors="0">
  <testcase name="signIn" time="8.605" classname="Cowin"/>
</testsuite> <!-- Cowin -->
