<?xml version="1.0" encoding="UTF-8"?>
<!-- Generated by org.testng.reporters.JUnitReportReporter -->
<testsuite skipped="0" hostname="Lenovo-PC" name="Cowin.Cowin" tests="1" failures="0" timestamp="08 May 2021 12:47:34 GMT" time="6.299" errors="0">
  <testcase name="signIn" time="6.299" classname="Cowin.Cowin"/>
</testsuite> <!-- Cowin.Cowin -->
